<?xml version="1.0" encoding="UTF-8"?>
<testng-results skipped="0" failed="0" ignored="0" total="1" passed="1">
  <reporter-output>
  </reporter-output>
  <suite name="Default suite" duration-ms="52594" started-at="2018-11-11T15:07:39Z" finished-at="2018-11-11T15:08:32Z">
    <groups>
    </groups>
    <test name="Default test" duration-ms="52594" started-at="2018-11-11T15:07:39Z" finished-at="2018-11-11T15:08:32Z">
      <class name="testvagrant.codinground.tests.HotelBookingTest">
        <test-method status="PASS" signature="killTheBrowserAndDriverInstances()[pri:0, instance:testvagrant.codinground.tests.HotelBookingTest@68c4039c]" name="killTheBrowserAndDriverInstances" is-config="true" duration-ms="21515" started-at="2018-11-11T20:37:39Z" finished-at="2018-11-11T20:38:01Z">
          <reporter-output>
          </reporter-output>
        </test-method> <!-- killTheBrowserAndDriverInstances -->
        <test-method status="PASS" signature="shouldBeAbleToSearchForHotels()[pri:0, instance:testvagrant.codinground.tests.HotelBookingTest@68c4039c]" name="shouldBeAbleToSearchForHotels" duration-ms="20631" started-at="2018-11-11T20:38:01Z" finished-at="2018-11-11T20:38:22Z">
          <reporter-output>
          </reporter-output>
        </test-method> <!-- shouldBeAbleToSearchForHotels -->
        <test-method status="PASS" signature="killTheBrowserInstances()[pri:0, instance:testvagrant.codinground.tests.HotelBookingTest@68c4039c]" name="killTheBrowserInstances" is-config="true" duration-ms="10095" started-at="2018-11-11T20:38:22Z" finished-at="2018-11-11T20:38:32Z">
          <reporter-output>
          </reporter-output>
        </test-method> <!-- killTheBrowserInstances -->
      </class> <!-- testvagrant.codinground.tests.HotelBookingTest -->
    </test> <!-- Default test -->
  </suite> <!-- Default suite -->
</testng-results>
